<?xml version="1.0" encoding="UTF-8"?>
<!-- Generated by org.testng.reporters.JUnitXMLReporter -->
<testsuite hostname="Dhruv" ignored="0" name="Validate Title of the Home page" tests="1" failures="1" timestamp="10 Jun 2020 18:30:44 GMT" time="67.115" errors="0">
  <testcase name="validateTitleMethod" time="32.773" classname="Academy.E2EProject1.validateTitle">
    <failure type="java.lang.AssertionError" message="expected [FEATURED COURSES123] but found [FEATURED COURSES]">
      <![CDATA[java.lang.AssertionError: expected [FEATURED COURSES123] but found [FEATURED COURSES]
at Academy.E2EProject1.validateTitle.validateTitleMethod(validateTitle.java:33)
at java.util.concurrent.FutureTask.run(FutureTask.java:266)
at java.util.concurrent.ThreadPoolExecutor.runWorker(ThreadPoolExecutor.java:1149)
at java.util.concurrent.ThreadPoolExecutor$Worker.run(ThreadPoolExecutor.java:624)
at java.lang.Thread.run(Thread.java:748)
... Removed 22 stack frames]]>
    </failure>
  </testcase> <!-- validateTitleMethod -->
</testsuite> <!-- Validate Title of the Home page -->
