<?xml version="1.0" encoding="UTF-8"?>
<!-- Generated by org.testng.reporters.JUnitXMLReporter -->
<testsuite hostname="Dhruv" ignored="0" name="Validate Login page from Home page" tests="2" failures="0" timestamp="10 Jun 2020 18:31:27 GMT" time="109.804" errors="0">
  <testcase name="baseNavigation" time="69.803" classname="Academy.E2EProject1.HomePage"/>
  <testcase name="baseNavigation" time="28.204" classname="Academy.E2EProject1.HomePage"/>
</testsuite> <!-- Validate Login page from Home page -->
