<?xml version="1.0" encoding="UTF-8"?>
<testng-results skipped="0" failed="0" ignored="0" total="1" passed="1">
  <reporter-output>
  </reporter-output>
  <suite name="Default suite" duration-ms="36722" started-at="2020-06-04T20:45:04Z" finished-at="2020-06-04T20:45:41Z">
    <groups>
    </groups>
    <test name="Default test" duration-ms="36722" started-at="2020-06-04T20:45:04Z" finished-at="2020-06-04T20:45:41Z">
      <class name="Academy.E2EProject1.validateNavBar">
        <test-method status="PASS" signature="launch()[pri:0, instance:Academy.E2EProject1.validateNavBar@4fce136b]" name="launch" is-config="true" duration-ms="4639" started-at="2020-06-04T20:45:04Z" finished-at="2020-06-04T20:45:09Z">
          <reporter-output>
          </reporter-output>
        </test-method> <!-- launch -->
        <test-method status="PASS" signature="validateNavMethod()[pri:0, instance:Academy.E2EProject1.validateNavBar@4fce136b]" name="validateNavMethod" duration-ms="31949" started-at="2020-06-04T20:45:09Z" finished-at="2020-06-04T20:45:41Z">
          <reporter-output>
          </reporter-output>
        </test-method> <!-- validateNavMethod -->
        <test-method status="PASS" signature="teardown()[pri:0, instance:Academy.E2EProject1.validateNavBar@4fce136b]" name="teardown" is-config="true" duration-ms="92" started-at="2020-06-04T20:45:41Z" finished-at="2020-06-04T20:45:41Z">
          <reporter-output>
          </reporter-output>
        </test-method> <!-- teardown -->
      </class> <!-- Academy.E2EProject1.validateNavBar -->
    </test> <!-- Default test -->
  </suite> <!-- Default suite -->
</testng-results>
